  Engine.cpp
D:\VS Project\2P_Pong\Engine.cpp(16,40): warning C4244: 'argument': conversion from 'T' to 'float', possible loss of data
          with
          [
              T=unsigned int
          ]
D:\VS Project\2P_Pong\Engine.cpp(17,63): warning C4244: 'argument': conversion from 'T' to 'float', possible loss of data
          with
          [
              T=unsigned int
          ]
D:\VS Project\2P_Pong\Engine.cpp(17,35): warning C4244: 'argument': conversion from 'T' to 'float', possible loss of data
          with
          [
              T=unsigned int
          ]
D:\VS Project\2P_Pong\Engine.cpp(20,36): warning C4244: 'argument': conversion from 'T' to 'float', possible loss of data
          with
          [
              T=unsigned int
          ]
D:\VS Project\2P_Pong\Engine.cpp(38,46): warning C4244: 'argument': conversion from 'T' to 'float', possible loss of data
          with
          [
              T=unsigned int
          ]
  2P_Pong.vcxproj -> D:\VS Project\2P_Pong\Debug\2P_Pong.exe
