d:\vs project\2p_pong\debug\vc143.pdb
d:\vs project\2p_pong\debug\vc143.idb
d:\vs project\2p_pong\debug\bat.obj
d:\vs project\2p_pong\debug\ball.obj
d:\vs project\2p_pong\debug\2p_pong.obj
d:\vs project\2p_pong\debug\input.obj
d:\vs project\2p_pong\debug\engine.obj
d:\vs project\2p_pong\debug\2p_pong.exe
d:\vs project\2p_pong\debug\2p_pong.ilk
d:\vs project\2p_pong\debug\2p_pong.pdb
d:\vs project\2p_pong\debug\engine.obj.enc
d:\vs project\2p_pong\debug\2p_pong.tlog\cl.command.1.tlog
d:\vs project\2p_pong\debug\2p_pong.tlog\cl.items.tlog
d:\vs project\2p_pong\debug\2p_pong.tlog\cl.read.1.tlog
d:\vs project\2p_pong\debug\2p_pong.tlog\cl.write.1.tlog
d:\vs project\2p_pong\debug\2p_pong.tlog\link-cvtres.read.1.tlog
d:\vs project\2p_pong\debug\2p_pong.tlog\link-cvtres.write.1.tlog
d:\vs project\2p_pong\debug\2p_pong.tlog\link-rc.read.1.tlog
d:\vs project\2p_pong\debug\2p_pong.tlog\link-rc.write.1.tlog
d:\vs project\2p_pong\debug\2p_pong.tlog\link.16112-cvtres.read.1.tlog
d:\vs project\2p_pong\debug\2p_pong.tlog\link.16112-cvtres.write.1.tlog
d:\vs project\2p_pong\debug\2p_pong.tlog\link.16112-rc.read.1.tlog
d:\vs project\2p_pong\debug\2p_pong.tlog\link.16112-rc.write.1.tlog
d:\vs project\2p_pong\debug\2p_pong.tlog\link.16112.read.1.tlog
d:\vs project\2p_pong\debug\2p_pong.tlog\link.16112.write.1.tlog
d:\vs project\2p_pong\debug\2p_pong.tlog\link.command.1.tlog
d:\vs project\2p_pong\debug\2p_pong.tlog\link.read.1.tlog
d:\vs project\2p_pong\debug\2p_pong.tlog\link.write.1.tlog
